<?xml version="1.0" encoding="UTF-8"?>
<!-- Generated by org.testng.reporters.JUnitXMLReporter -->
<testsuite ignored="0" hostname="jbodolla-m1.local" failures="1" tests="1" name="Login" time="22.125" errors="0" timestamp="08 Sep 2019 00:00:29 GMT">
  <testcase classname="cucumber.api.testng.AbstractTestNGCucumberTests" name="runScenario" time="21.892">
    <failure type="java.lang.Error" message="Unresolved compilation problems: 
	ePlusEmailField cannot be resolved to a variable
	ePlusEmailField cannot be resolved
">
      <![CDATA[java.lang.Error: Unresolved compilation problems: 
ePlusEmailField cannot be resolved to a variable
ePlusEmailField cannot be resolved

at pages.ValuesPage.enterUserName(ValuesPage.java:33)
at stepdefs.StepDefinitions.verifyTheCountOfValues(StepDefinitions.java:26)
at ✽.The right count of values should appear on the screen(file:src/test/resources/features/Values.feature:6)
]]>
    </failure>
  </testcase> <!-- runScenario -->
</testsuite> <!-- Login -->
